<?xml version="1.0" encoding="UTF-8"?>
<!-- Generated by org.testng.reporters.JUnitReportReporter -->
<testsuite hostname="DESKTOP-S64H8J8" failures="0" tests="3" name="Selenium2.sample8" time="0.037" errors="0" timestamp="2023-01-31T16:11:43 IST" skipped="0">
  <testcase classname="Selenium2.sample8" name="TC6" time="0.004"/>
  <system-out>
    <![CDATA[running TC6 method]]>
  </system-out>
  <testcase classname="Selenium2.sample8" name="TC5" time="0.029"/>
  <system-out>
    <![CDATA[running TC5 method ]]>
  </system-out>
  <testcase classname="Selenium2.sample8" name="TC7" time="0.004"/>
  <system-out>
    <![CDATA[running TC7 method]]>
  </system-out>
</testsuite> <!-- Selenium2.sample8 -->
