<?xml version="1.0" encoding="UTF-8"?>
<!-- Generated by org.testng.reporters.JUnitReportReporter -->
<testsuite hostname="DESKTOP-S64H8J8" failures="0" tests="2" name="Selenium2.sample7" time="0.007" errors="0" timestamp="2023-01-31T16:11:43 IST" skipped="0">
  <testcase classname="Selenium2.sample7" name="TC3" time="0.004"/>
  <system-out>
    <![CDATA[running TC3 method]]>
  </system-out>
  <testcase classname="Selenium2.sample7" name="TC2" time="0.003"/>
  <system-out>
    <![CDATA[running TC2 method]]>
  </system-out>
</testsuite> <!-- Selenium2.sample7 -->
