<?xml version="1.0" encoding="UTF-8"?>
<!-- Generated by org.testng.reporters.JUnitReportReporter -->
<testsuite hostname="DESKTOP-S64H8J8" failures="0" tests="1" name="Selenium2.TestNGClass" time="24.329" errors="0" timestamp="2023-01-31T15:45:37 IST" skipped="0">
  <testcase classname="Selenium2.TestNGClass" name="openBrowser" time="24.329"/>
  <system-out/>
</testsuite> <!-- Selenium2.TestNGClass -->
